<?xml version="1.0" encoding="UTF-8"?>
<!-- Generated by org.testng.reporters.JUnitXMLReporter -->
<testsuite hostname="USBLRPKATARIAS1" name="FirefoxTest" tests="4" failures="1" timestamp="25 Sep 2016 06:07:06 GMT" time="76.345" errors="0">
  <testcase name="MultipleLoginActitime" time="0.01" classname="com.Orange.HRMS.MainFunctions.Delta">
    <skipped/>
  </testcase> <!-- MultipleLoginActitime -->
  <testcase name="MultipleLoginActitime" time="0.003" classname="com.Orange.HRMS.MainFunctions.Delta">
    <skipped/>
  </testcase> <!-- MultipleLoginActitime -->
  <testcase name="MultipleLoginActitime" time="19.041" classname="com.Orange.HRMS.MainFunctions.Delta">
    <failure type="java.lang.AssertionError" message="null">
      <![CDATA[java.lang.AssertionError: null
	at com.Orange.HRMS.MainFunctions.Delta.MultipleLoginActitime(Delta.java:185)
	at java.util.concurrent.FutureTask.run(Unknown Source)
	at java.util.concurrent.ThreadPoolExecutor.runWorker(Unknown Source)
	at java.util.concurrent.ThreadPoolExecutor$Worker.run(Unknown Source)
	at java.lang.Thread.run(Unknown Source)
... Removed 18 stack frames]]>
    </failure>
  </testcase> <!-- MultipleLoginActitime -->
  <testcase name="MultipleLoginActitime" time="0.002" classname="com.Orange.HRMS.MainFunctions.Delta">
    <skipped/>
  </testcase> <!-- MultipleLoginActitime -->
</testsuite> <!-- FirefoxTest -->
