<?xml version="1.0" encoding="UTF-8"?>
<!-- Generated by org.testng.reporters.JUnitXMLReporter -->
<testsuite hostname="USBLRPKATARIAS1" name="Test" tests="2" failures="0" timestamp="15 Sep 2016 03:20:55 GMT" time="0.722" errors="0">
  <testcase name="@BeforeMethod AppLaunch" time="0.0" classname="com.Orange.HRMS.MainFunctions.Delta">
    <failure type="java.lang.NullPointerException">
      <![CDATA[java.lang.NullPointerException
	at com.Orange.HRMS.MainFunctions.Delta.AppLaunch(Delta.java:130)
... Removed 26 stack frames]]>
    </failure>
  </testcase> <!-- @BeforeMethod AppLaunch -->
  <testcase name="@AfterMethod quitApp" time="0.0" classname="com.Orange.HRMS.MainFunctions.Delta">
    <skipped/>
  </testcase> <!-- @AfterMethod quitApp -->
  <testcase name="@BeforeMethod AppLaunch" time="0.0" classname="com.Orange.HRMS.MainFunctions.Delta">
    <skipped/>
  </testcase> <!-- @BeforeMethod AppLaunch -->
  <testcase name="@AfterMethod quitApp" time="0.0" classname="com.Orange.HRMS.MainFunctions.Delta">
    <skipped/>
  </testcase> <!-- @AfterMethod quitApp -->
  <testcase name="@AfterTest endFramework" time="0.0" classname="com.Orange.HRMS.MainFunctions.Delta">
    <skipped/>
  </testcase> <!-- @AfterTest endFramework -->
  <testcase name="MultipleLoginActitime" time="0.001" classname="com.Orange.HRMS.MainFunctions.Delta">
    <skipped/>
  </testcase> <!-- MultipleLoginActitime -->
  <testcase name="MultipleLoginActitime" time="0.002" classname="com.Orange.HRMS.MainFunctions.Delta">
    <skipped/>
  </testcase> <!-- MultipleLoginActitime -->
</testsuite> <!-- Test -->
