<?xml version="1.0" encoding="UTF-8"?>
<testng-results skipped="0" failed="1" total="2" passed="1">
  <reporter-output>
    <line>
      <![CDATA[http://opensource.demo.orangehrmlive.com/  :   TimeOut is  :  55]]>
    </line>
    <line>
      <![CDATA[ description:Description   Action:  Action   ElementRepo:   ElementRepo   Input :input]]>
    </line>
    <line>
      <![CDATA[ description:Enter Username   Action:  Enter   ElementRepo:   XPATH_.//*[@name='txtUsername']   Input :Admin]]>
    </line>
    <line>
      <![CDATA[ description:Enter Password   Action:  Enter   ElementRepo:   XPATH_//*[@id='txtPassword']   Input :admin]]>
    </line>
    <line>
      <![CDATA[ description:Click on Login Button   Action:  Click   ElementRepo:   ID_btnLogin   Input :]]>
    </line>
    <line>
      <![CDATA[ description:Clcik on WelCOme Admin Button   Action:  Click   ElementRepo:   ID_welcome   Input :]]>
    </line>
    <line>
      <![CDATA[ description:Clik on PIM Tab   Action:  Click   ElementRepo:   ID_menu_pim_viewPimModule   Input :]]>
    </line>
    <line>
      <![CDATA[ description:Click On Add Employee   Action:  Click   ElementRepo:   ID_menu_pim_addEmployee   Input :]]>
    </line>
    <line>
      <![CDATA[ description:Enter firstName   Action:  Enter   ElementRepo:   XPATH_//*[@id='firstName']   Input :Swamy]]>
    </line>
    <line>
      <![CDATA[ description:Enter LastName   Action:  Enter   ElementRepo:   XPATH_//*[@id='lastName']   Input :Swamy]]>
    </line>
    <line>
      <![CDATA[ description:Verify Text Of Employee ID   Action:  Verify Text   ElementRepo:   XPATH_//*[@id='employeeId']   Input :]]>
    </line>
    <line>
      <![CDATA[ description:Upload Photo   Action:  upload   ElementRepo:   XPATH_//*[@id='photofile']   Input :C:\Documents\Small.jpg]]>
    </line>
    <line>
      <![CDATA[ description:Click On Save Button   Action:  Click   ElementRepo:   XPATH_//*[@id='btnSave']   Input :]]>
    </line>
    <line>
      <![CDATA[ description:Click on EmployeeList   Action:  Click   ElementRepo:   XPATH_//*[@id='menu_pim_viewEmployeeList']   Input :]]>
    </line>
    <line>
      <![CDATA[ description:Enter_Employee Name in Search   Action:  Click   ElementRepo:   XPATH_.//*[@id='empsearch_employee_name_empName']   Input :]]>
    </line>
    <line>
      <![CDATA[ description:Enter_Employee Name in Search   Action:  Enter   ElementRepo:   XPATH_.//*[@id='empsearch_employee_name_empName']   Input :Swamy]]>
    </line>
    <line>
      <![CDATA[ description:Clcik on Search button   Action:  Click   ElementRepo:   XPATH_.//*[@id='searchBtn']   Input :]]>
    </line>
    <line>
      <![CDATA[ description:Click on Swamy Link After Seraching   Action:  Click   ElementRepo:   XPATH_//*[contains(text(),'Swamy')]   Input :]]>
    </line>
    <line>
      <![CDATA[ description:Check Uploaded photo is exist   Action:  VerfiyElementPresent   ElementRepo:   XPATH_.//*[@id='empPic']   Input :]]>
    </line>
    <line>
      <![CDATA[ description:Verify Image Uploaded photo   Action:  verifyImage   ElementRepo:   XPATH_.//*[@alt='Employee Photo']   Input :Small.jpg]]>
    </line>
    <line>
      <![CDATA[ description:Verify Colour of Uploaded photo   Action:  verifyElementColor   ElementRepo:   XPATH_.//*[@id='empPic']   Input :]]>
    </line>
    <line>
      <![CDATA[ description:Click on EmployeeList   Action:  Click   ElementRepo:   XPATH_//*[@id='menu_pim_viewEmployeeList']   Input :]]>
    </line>
    <line>
      <![CDATA[ description:Enter_Employee Name in Search   Action:  Click   ElementRepo:   XPATH_.//*[@id='empsearch_employee_name_empName']   Input :]]>
    </line>
    <line>
      <![CDATA[ description:Enter_Employee Name in Search   Action:  Enter   ElementRepo:   XPATH_.//*[@id='empsearch_employee_name_empName']   Input :Swamy]]>
    </line>
    <line>
      <![CDATA[ description:Clcik on Search button   Action:  Click   ElementRepo:   XPATH_.//*[@id='searchBtn']   Input :]]>
    </line>
    <line>
      <![CDATA[ description:Clcik on CheckBox   Action:  Click   ElementRepo:   XPATH_.//*[@id='ohrmList_chkSelectAll']   Input :]]>
    </line>
    <line>
      <![CDATA[ description:Clcik on Delete Button   Action:  Click   ElementRepo:   XPATH_.//*[@id='btnDelete']   Input :]]>
    </line>
    <line>
      <![CDATA[ description:Click on OK Button OF Delete Pop-up to confirm   Action:  Click   ElementRepo:   XPATh_.//*[@id='dialogDeleteBtn']   Input :]]>
    </line>
    <line>
      <![CDATA[ description:Verify Message of " Successful Delete "   Action:  Verify Text   ElementRepo:   XPATH_.//*[@class='message success fadable']   Input :Successfully Deleted    ]]>
    </line>
    <line>
      <![CDATA[ description:Verify Image of " Successful Delete "   Action:  verifyImage   ElementRepo:   XPATH_.//*[@class='message success fadable']   Input :SuccessDelete.png]]>
    </line>
    <line>
      <![CDATA[ description:Verify Colour of " Successful Delete "   Action:  verifyElementColor   ElementRepo:   XPATH_.//*[@class='message success fadable']   Input :]]>
    </line>
    <line>
      <![CDATA[http://opensource.demo.orangehrmlive.com/  :   TimeOut is  :  55]]>
    </line>
    <line>
      <![CDATA[ description:Description   Action:  Action   ElementRepo:   ElementRepo   Input :input]]>
    </line>
    <line>
      <![CDATA[ description:Enter Username   Action:  Enter   ElementRepo:   XPATH_.//*[@name='txtUsername']   Input :Admin]]>
    </line>
    <line>
      <![CDATA[ description:Enter Password   Action:  Enter   ElementRepo:   XPATH_//*[@id='txtPassword']   Input :admin]]>
    </line>
    <line>
      <![CDATA[ description:Click on Login Button   Action:  Click   ElementRepo:   ID_btnLogin   Input :]]>
    </line>
    <line>
      <![CDATA[ description:Clcik on WelCOme Admin Button   Action:  Click   ElementRepo:   ID_welcome   Input :]]>
    </line>
    <line>
      <![CDATA[ description:Click on Recruitment   Action:  Click   ElementRepo:   XPATH_.//*[@id='menu_recruitment_viewRecruitmentModule']   Input :]]>
    </line>
    <line>
      <![CDATA[ description:Click On "Add" button   Action:  Click   ElementRepo:   XPATH_.//*[@id='btnAdd']   Input :]]>
    </line>
    <line>
      <![CDATA[ description:Enter Candidate FirstName   Action:  Enter   ElementRepo:   XPATH_.//*[@id='addCandidate_firstName']   Input :Shiv]]>
    </line>
    <line>
      <![CDATA[ description:Enter Candidate LastName   Action:  Enter   ElementRepo:   XPATH_.//*[@id='addCandidate_lastName']   Input :Shiv]]>
    </line>
    <line>
      <![CDATA[ description:Enter Candidate Email ID   Action:  Enter   ElementRepo:   XPATH_.//*[@id='addCandidate_email']   Input :cns.praveen@gmail.com]]>
    </line>
    <line>
      <![CDATA[ description:Click on Profile upload Browse Button   Action:  upload   ElementRepo:   XPATH_.//*[@id='addCandidate_resume']   Input :C:\Documents\upload Profile.docx]]>
    </line>
    <line>
      <![CDATA[ description:Enter Date in Date-of-Application   Action:  Enter   ElementRepo:   XPATH_.//*[@id='addCandidate_appliedDate']   Input :2016-09-16]]>
    </line>
    <line>
      <![CDATA[ description:Click on Save Button   Action:  Click   ElementRepo:   XPATH_.//*[@id='btnSave']   Input :]]>
    </line>
    <line>
      <![CDATA[ description:Click on Candidate    Action:  Click   ElementRepo:   XPATh_.//*[@id='menu_recruitment_viewCandidates']   Input :]]>
    </line>
    <line>
      <![CDATA[ description:Identify Job Title WebList & Select "All"   Action:  Select   ElementRepo:   XPATh_.//*[@id='candidateSearch_jobTitle']   Input :All]]>
    </line>
  </reporter-output>
  <suite name="Suite" duration-ms="277102" started-at="2016-09-25T17:56:25Z" finished-at="2016-09-25T18:01:02Z">
    <groups>
    </groups>
    <test name="ChromeTest" duration-ms="277102" started-at="2016-09-25T17:56:25Z" finished-at="2016-09-25T18:01:02Z">
      <class name="com.Orange.HRMS.MainFunctions.Delta">
        <test-method status="PASS" signature="InitFramework()[pri:0, instance:com.Orange.HRMS.MainFunctions.Delta@6cc4c815]" name="InitFramework" is-config="true" duration-ms="138" started-at="2016-09-25T23:26:25Z" finished-at="2016-09-25T23:26:25Z">
          <reporter-output>
          </reporter-output>
        </test-method> <!-- InitFramework -->
        <test-method status="PASS" signature="AppLaunch(org.testng.xml.XmlTest)[pri:0, instance:com.Orange.HRMS.MainFunctions.Delta@6cc4c815]" name="AppLaunch" is-config="true" duration-ms="6055" started-at="2016-09-25T23:26:26Z" finished-at="2016-09-25T23:26:32Z">
          <params>
            <param index="0">
              <value>
                <![CDATA[[Test: "ChromeTest" verbose:1[parameters:browser=>Chrome][metagroups:] [included: ][excluded: ]  classes:[XmlClass class=com.Orange.HRMS.MainFunctions.Delta]  packages:] ]]>
              </value>
            </param>
          </params>
          <reporter-output>
            <line>
              <![CDATA[http://opensource.demo.orangehrmlive.com/  :   TimeOut is  :  55]]>
            </line>
          </reporter-output>
        </test-method> <!-- AppLaunch -->
        <test-method status="PASS" signature="MultipleLoginActitime(java.lang.String, java.lang.String)[pri:0, instance:com.Orange.HRMS.MainFunctions.Delta@6cc4c815]" name="MultipleLoginActitime" duration-ms="16634" started-at="2016-09-25T23:26:32Z" data-provider="getMultipleScenarios" finished-at="2016-09-25T23:26:48Z">
          <params>
            <param index="0">
              <value>
                <![CDATA[AddEmployee_VerifyPhotoUploaded]]>
              </value>
            </param>
            <param index="1">
              <value>
                <![CDATA[Yes]]>
              </value>
            </param>
          </params>
          <reporter-output>
            <line>
              <![CDATA[ description:Description   Action:  Action   ElementRepo:   ElementRepo   Input :input]]>
            </line>
            <line>
              <![CDATA[ description:Enter Username   Action:  Enter   ElementRepo:   XPATH_.//*[@name='txtUsername']   Input :Admin]]>
            </line>
            <line>
              <![CDATA[ description:Enter Password   Action:  Enter   ElementRepo:   XPATH_//*[@id='txtPassword']   Input :admin]]>
            </line>
            <line>
              <![CDATA[ description:Click on Login Button   Action:  Click   ElementRepo:   ID_btnLogin   Input :]]>
            </line>
            <line>
              <![CDATA[ description:Clcik on WelCOme Admin Button   Action:  Click   ElementRepo:   ID_welcome   Input :]]>
            </line>
            <line>
              <![CDATA[ description:Clik on PIM Tab   Action:  Click   ElementRepo:   ID_menu_pim_viewPimModule   Input :]]>
            </line>
            <line>
              <![CDATA[ description:Click On Add Employee   Action:  Click   ElementRepo:   ID_menu_pim_addEmployee   Input :]]>
            </line>
            <line>
              <![CDATA[ description:Enter firstName   Action:  Enter   ElementRepo:   XPATH_//*[@id='firstName']   Input :Swamy]]>
            </line>
            <line>
              <![CDATA[ description:Enter LastName   Action:  Enter   ElementRepo:   XPATH_//*[@id='lastName']   Input :Swamy]]>
            </line>
            <line>
              <![CDATA[ description:Verify Text Of Employee ID   Action:  Verify Text   ElementRepo:   XPATH_//*[@id='employeeId']   Input :]]>
            </line>
            <line>
              <![CDATA[ description:Upload Photo   Action:  upload   ElementRepo:   XPATH_//*[@id='photofile']   Input :C:\Documents\Small.jpg]]>
            </line>
            <line>
              <![CDATA[ description:Click On Save Button   Action:  Click   ElementRepo:   XPATH_//*[@id='btnSave']   Input :]]>
            </line>
            <line>
              <![CDATA[ description:Click on EmployeeList   Action:  Click   ElementRepo:   XPATH_//*[@id='menu_pim_viewEmployeeList']   Input :]]>
            </line>
            <line>
              <![CDATA[ description:Enter_Employee Name in Search   Action:  Click   ElementRepo:   XPATH_.//*[@id='empsearch_employee_name_empName']   Input :]]>
            </line>
            <line>
              <![CDATA[ description:Enter_Employee Name in Search   Action:  Enter   ElementRepo:   XPATH_.//*[@id='empsearch_employee_name_empName']   Input :Swamy]]>
            </line>
            <line>
              <![CDATA[ description:Clcik on Search button   Action:  Click   ElementRepo:   XPATH_.//*[@id='searchBtn']   Input :]]>
            </line>
            <line>
              <![CDATA[ description:Click on Swamy Link After Seraching   Action:  Click   ElementRepo:   XPATH_//*[contains(text(),'Swamy')]   Input :]]>
            </line>
            <line>
              <![CDATA[ description:Check Uploaded photo is exist   Action:  VerfiyElementPresent   ElementRepo:   XPATH_.//*[@id='empPic']   Input :]]>
            </line>
            <line>
              <![CDATA[ description:Verify Image Uploaded photo   Action:  verifyImage   ElementRepo:   XPATH_.//*[@alt='Employee Photo']   Input :Small.jpg]]>
            </line>
            <line>
              <![CDATA[ description:Verify Colour of Uploaded photo   Action:  verifyElementColor   ElementRepo:   XPATH_.//*[@id='empPic']   Input :]]>
            </line>
            <line>
              <![CDATA[ description:Click on EmployeeList   Action:  Click   ElementRepo:   XPATH_//*[@id='menu_pim_viewEmployeeList']   Input :]]>
            </line>
            <line>
              <![CDATA[ description:Enter_Employee Name in Search   Action:  Click   ElementRepo:   XPATH_.//*[@id='empsearch_employee_name_empName']   Input :]]>
            </line>
            <line>
              <![CDATA[ description:Enter_Employee Name in Search   Action:  Enter   ElementRepo:   XPATH_.//*[@id='empsearch_employee_name_empName']   Input :Swamy]]>
            </line>
            <line>
              <![CDATA[ description:Clcik on Search button   Action:  Click   ElementRepo:   XPATH_.//*[@id='searchBtn']   Input :]]>
            </line>
            <line>
              <![CDATA[ description:Clcik on CheckBox   Action:  Click   ElementRepo:   XPATH_.//*[@id='ohrmList_chkSelectAll']   Input :]]>
            </line>
            <line>
              <![CDATA[ description:Clcik on Delete Button   Action:  Click   ElementRepo:   XPATH_.//*[@id='btnDelete']   Input :]]>
            </line>
            <line>
              <![CDATA[ description:Click on OK Button OF Delete Pop-up to confirm   Action:  Click   ElementRepo:   XPATh_.//*[@id='dialogDeleteBtn']   Input :]]>
            </line>
            <line>
              <![CDATA[ description:Verify Message of " Successful Delete "   Action:  Verify Text   ElementRepo:   XPATH_.//*[@class='message success fadable']   Input :Successfully Deleted    ]]>
            </line>
            <line>
              <![CDATA[ description:Verify Image of " Successful Delete "   Action:  verifyImage   ElementRepo:   XPATH_.//*[@class='message success fadable']   Input :SuccessDelete.png]]>
            </line>
            <line>
              <![CDATA[ description:Verify Colour of " Successful Delete "   Action:  verifyElementColor   ElementRepo:   XPATH_.//*[@class='message success fadable']   Input :]]>
            </line>
          </reporter-output>
        </test-method> <!-- MultipleLoginActitime -->
        <test-method status="PASS" signature="quitApp(org.testng.ITestResult)[pri:0, instance:com.Orange.HRMS.MainFunctions.Delta@6cc4c815]" name="quitApp" is-config="true" duration-ms="5171" started-at="2016-09-25T23:26:48Z" finished-at="2016-09-25T23:26:53Z">
          <params>
            <param index="0">
              <value>
                <![CDATA[[TestResult name=MultipleLoginActitime status=SUCCESS method=Delta.MultipleLoginActitime(java.lang.String, java.lang.String)[pri:0, instance:com.Orange.HRMS.MainFunctions.Delta@6cc4c815] output= description:Description   Action:  Action   ElementRepo:   ElementRepo   Input :input]]]>
              </value>
            </param>
          </params>
          <reporter-output>
          </reporter-output>
        </test-method> <!-- quitApp -->
        <test-method status="PASS" signature="AppLaunch(org.testng.xml.XmlTest)[pri:0, instance:com.Orange.HRMS.MainFunctions.Delta@6cc4c815]" name="AppLaunch" is-config="true" duration-ms="170947" started-at="2016-09-25T23:26:53Z" finished-at="2016-09-25T23:29:44Z">
          <params>
            <param index="0">
              <value>
                <![CDATA[[Test: "ChromeTest" verbose:1[parameters:browser=>Chrome][metagroups:] [included: ][excluded: ]  classes:[XmlClass class=com.Orange.HRMS.MainFunctions.Delta]  packages:] ]]>
              </value>
            </param>
          </params>
          <reporter-output>
            <line>
              <![CDATA[http://opensource.demo.orangehrmlive.com/  :   TimeOut is  :  55]]>
            </line>
          </reporter-output>
        </test-method> <!-- AppLaunch -->
        <test-method status="FAIL" signature="MultipleLoginActitime(java.lang.String, java.lang.String)[pri:0, instance:com.Orange.HRMS.MainFunctions.Delta@6cc4c815]" name="MultipleLoginActitime" duration-ms="71809" started-at="2016-09-25T23:29:44Z" data-provider="getMultipleScenarios" finished-at="2016-09-25T23:30:56Z">
          <params>
            <param index="0">
              <value>
                <![CDATA[RecuritRegistration_SearchSame ]]>
              </value>
            </param>
            <param index="1">
              <value>
                <![CDATA[Yes]]>
              </value>
            </param>
          </params>
          <exception class="org.openqa.selenium.NoSuchElementException">
            <message>
              <![CDATA[Cannot locate element with text: All
For documentation on this error, please visit: http://seleniumhq.org/exceptions/no_such_element.html
Build info: version: '2.53.1', revision: 'a36b8b1', time: '2016-06-30 17:37:03'
System info: host: 'USBLRPKATARIAS1', ip: '192.168.0.101', os.name: 'Windows 10', os.arch: 'amd64', os.version: '10.0', java.version: '1.8.0_101'
Driver info: driver.version: unknown]]>
            </message>
            <full-stacktrace>
              <![CDATA[org.openqa.selenium.NoSuchElementException: Cannot locate element with text: All
For documentation on this error, please visit: http://seleniumhq.org/exceptions/no_such_element.html
Build info: version: '2.53.1', revision: 'a36b8b1', time: '2016-06-30 17:37:03'
System info: host: 'USBLRPKATARIAS1', ip: '192.168.0.101', os.name: 'Windows 10', os.arch: 'amd64', os.version: '10.0', java.version: '1.8.0_101'
Driver info: driver.version: unknown
	at org.openqa.selenium.support.ui.Select.selectByVisibleText(Select.java:150)
	at com.Orange.HRMS.MainFunctions.KeywordLib.select(KeywordLib.java:35)
	at com.Orange.HRMS.MainFunctions.KeyWord.ExecuteKeyWord(KeyWord.java:30)
	at com.Orange.HRMS.MainFunctions.Delta.MultipleLoginActitime(Delta.java:174)
	at sun.reflect.NativeMethodAccessorImpl.invoke0(Native Method)
	at sun.reflect.NativeMethodAccessorImpl.invoke(Unknown Source)
	at sun.reflect.DelegatingMethodAccessorImpl.invoke(Unknown Source)
	at java.lang.reflect.Method.invoke(Unknown Source)
	at org.testng.internal.MethodInvocationHelper.invokeMethod(MethodInvocationHelper.java:85)
	at org.testng.internal.Invoker.invokeMethod(Invoker.java:639)
	at org.testng.internal.Invoker.invokeTestMethod(Invoker.java:816)
	at org.testng.internal.Invoker.invokeTestMethods(Invoker.java:1124)
	at org.testng.internal.TestMethodWorker.invokeTestMethods(TestMethodWorker.java:125)
	at org.testng.internal.TestMethodWorker.run(TestMethodWorker.java:108)
	at org.testng.TestRunner.privateRun(TestRunner.java:774)
	at org.testng.TestRunner.run(TestRunner.java:624)
	at org.testng.SuiteRunner.runTest(SuiteRunner.java:359)
	at org.testng.SuiteRunner.access$000(SuiteRunner.java:39)
	at org.testng.SuiteRunner$SuiteWorker.run(SuiteRunner.java:393)
	at org.testng.internal.thread.ThreadUtil$2.call(ThreadUtil.java:64)
	at java.util.concurrent.FutureTask.run(Unknown Source)
	at java.util.concurrent.ThreadPoolExecutor.runWorker(Unknown Source)
	at java.util.concurrent.ThreadPoolExecutor$Worker.run(Unknown Source)
	at java.lang.Thread.run(Unknown Source)
]]>
            </full-stacktrace>
          </exception> <!-- org.openqa.selenium.NoSuchElementException -->
          <reporter-output>
            <line>
              <![CDATA[ description:Description   Action:  Action   ElementRepo:   ElementRepo   Input :input]]>
            </line>
            <line>
              <![CDATA[ description:Enter Username   Action:  Enter   ElementRepo:   XPATH_.//*[@name='txtUsername']   Input :Admin]]>
            </line>
            <line>
              <![CDATA[ description:Enter Password   Action:  Enter   ElementRepo:   XPATH_//*[@id='txtPassword']   Input :admin]]>
            </line>
            <line>
              <![CDATA[ description:Click on Login Button   Action:  Click   ElementRepo:   ID_btnLogin   Input :]]>
            </line>
            <line>
              <![CDATA[ description:Clcik on WelCOme Admin Button   Action:  Click   ElementRepo:   ID_welcome   Input :]]>
            </line>
            <line>
              <![CDATA[ description:Click on Recruitment   Action:  Click   ElementRepo:   XPATH_.//*[@id='menu_recruitment_viewRecruitmentModule']   Input :]]>
            </line>
            <line>
              <![CDATA[ description:Click On "Add" button   Action:  Click   ElementRepo:   XPATH_.//*[@id='btnAdd']   Input :]]>
            </line>
            <line>
              <![CDATA[ description:Enter Candidate FirstName   Action:  Enter   ElementRepo:   XPATH_.//*[@id='addCandidate_firstName']   Input :Shiv]]>
            </line>
            <line>
              <![CDATA[ description:Enter Candidate LastName   Action:  Enter   ElementRepo:   XPATH_.//*[@id='addCandidate_lastName']   Input :Shiv]]>
            </line>
            <line>
              <![CDATA[ description:Enter Candidate Email ID   Action:  Enter   ElementRepo:   XPATH_.//*[@id='addCandidate_email']   Input :cns.praveen@gmail.com]]>
            </line>
            <line>
              <![CDATA[ description:Click on Profile upload Browse Button   Action:  upload   ElementRepo:   XPATH_.//*[@id='addCandidate_resume']   Input :C:\Documents\upload Profile.docx]]>
            </line>
            <line>
              <![CDATA[ description:Enter Date in Date-of-Application   Action:  Enter   ElementRepo:   XPATH_.//*[@id='addCandidate_appliedDate']   Input :2016-09-16]]>
            </line>
            <line>
              <![CDATA[ description:Click on Save Button   Action:  Click   ElementRepo:   XPATH_.//*[@id='btnSave']   Input :]]>
            </line>
            <line>
              <![CDATA[ description:Click on Candidate    Action:  Click   ElementRepo:   XPATh_.//*[@id='menu_recruitment_viewCandidates']   Input :]]>
            </line>
            <line>
              <![CDATA[ description:Identify Job Title WebList & Select "All"   Action:  Select   ElementRepo:   XPATh_.//*[@id='candidateSearch_jobTitle']   Input :All]]>
            </line>
          </reporter-output>
        </test-method> <!-- MultipleLoginActitime -->
        <test-method status="PASS" signature="quitApp(org.testng.ITestResult)[pri:0, instance:com.Orange.HRMS.MainFunctions.Delta@6cc4c815]" name="quitApp" is-config="true" duration-ms="5416" started-at="2016-09-25T23:30:56Z" finished-at="2016-09-25T23:31:02Z">
          <params>
            <param index="0">
              <value>
                <![CDATA[[TestResult name=MultipleLoginActitime status=FAILURE method=Delta.MultipleLoginActitime(java.lang.String, java.lang.String)[pri:0, instance:com.Orange.HRMS.MainFunctions.Delta@6cc4c815] output= description:Description   Action:  Action   ElementRepo:   ElementRepo   Input :input]]]>
              </value>
            </param>
          </params>
          <reporter-output>
          </reporter-output>
        </test-method> <!-- quitApp -->
        <test-method status="PASS" signature="endFramework()[pri:0, instance:com.Orange.HRMS.MainFunctions.Delta@6cc4c815]" name="endFramework" is-config="true" duration-ms="346" started-at="2016-09-25T23:31:02Z" finished-at="2016-09-25T23:31:02Z">
          <reporter-output>
          </reporter-output>
        </test-method> <!-- endFramework -->
      </class> <!-- com.Orange.HRMS.MainFunctions.Delta -->
    </test> <!-- ChromeTest -->
  </suite> <!-- Suite -->
</testng-results>
